<?xml version="1.0" encoding="UTF-8"?>
<!-- Generated by org.testng.reporters.JUnitReportReporter -->
<testsuite hostname="Home" name="Testngproject.Chromewindows" tests="3" failures="0" timestamp="9 Oct 2019 13:38:04 GMT" time="0.014" errors="3">
  <testcase name="uppic" time="0.007" classname="Testngproject.Chromewindows">
    <error type="org.openqa.selenium.SessionNotCreatedException" message="session not created: This version of ChromeDriver only supports Chrome version 75
Build info: version: &#039;3.141.59&#039;, revision: &#039;e82be7d358&#039;, time: &#039;2018-11-14T08:25:53&#039;
System info: host: &#039;HOME&#039;, ip: &#039;192.168.1.138&#039;, os.name: &#039;Windows 10&#039;, os.arch: &#039;amd64&#039;, os.version: &#039;10.0&#039;, java.version: &#039;1.8.0&#039;
Driver info: driver.version: ChromeDriver
remote stacktrace: Backtrace:
	Ordinal0 [0x00B67DF3+1474035]
	Ordinal0 [0x00AE07D1+919505]
	Ordinal0 [0x00A7CB43+510787]
	Ordinal0 [0x00A11B0F+72463]
	Ordinal0 [0x00A0E3F3+58355]
	Ordinal0 [0x00A30CE4+199908]
	Ordinal0 [0x00A3069D+198301]
	Ordinal0 [0x00A2EECB+192203]
	Ordinal0 [0x00A15FF6+90102]
	Ordinal0 [0x00A1765A+95834]
	Ordinal0 [0x00A17554+95572]
	GetHandleVerifier [0x00CC231C+1249612]
	GetHandleVerifier [0x00C11575+525221]
	GetHandleVerifier [0x00C11310+524608]
	Ordinal0 [0x00B75D28+1531176]
	GetHandleVerifier [0x00C11D4A+527226]
	Ordinal0 [0x00AF75F6+1013238]
	Ordinal0 [0x00AF746F+1012847]
	Ordinal0 [0x00B0365B+1062491]
	Ordinal0 [0x00B0379F+1062815]
	Ordinal0 [0x00B02745+1058629]
	BaseThreadInitThunk [0x771D0419+25]
	RtlGetAppContainerNamedObjectPath [0x7787662D+237]
	RtlGetAppContainerNamedObjectPath [0x778765FD+189]
">
      <![CDATA[org.openqa.selenium.SessionNotCreatedException: session not created: This version of ChromeDriver only supports Chrome version 75
Build info: version: '3.141.59', revision: 'e82be7d358', time: '2018-11-14T08:25:53'
System info: host: 'HOME', ip: '192.168.1.138', os.name: 'Windows 10', os.arch: 'amd64', os.version: '10.0', java.version: '1.8.0'
Driver info: driver.version: ChromeDriver
remote stacktrace: Backtrace:
	Ordinal0 [0x00B67DF3+1474035]
	Ordinal0 [0x00AE07D1+919505]
	Ordinal0 [0x00A7CB43+510787]
	Ordinal0 [0x00A11B0F+72463]
	Ordinal0 [0x00A0E3F3+58355]
	Ordinal0 [0x00A30CE4+199908]
	Ordinal0 [0x00A3069D+198301]
	Ordinal0 [0x00A2EECB+192203]
	Ordinal0 [0x00A15FF6+90102]
	Ordinal0 [0x00A1765A+95834]
	Ordinal0 [0x00A17554+95572]
	GetHandleVerifier [0x00CC231C+1249612]
	GetHandleVerifier [0x00C11575+525221]
	GetHandleVerifier [0x00C11310+524608]
	Ordinal0 [0x00B75D28+1531176]
	GetHandleVerifier [0x00C11D4A+527226]
	Ordinal0 [0x00AF75F6+1013238]
	Ordinal0 [0x00AF746F+1012847]
	Ordinal0 [0x00B0365B+1062491]
	Ordinal0 [0x00B0379F+1062815]
	Ordinal0 [0x00B02745+1058629]
	BaseThreadInitThunk [0x771D0419+25]
	RtlGetAppContainerNamedObjectPath [0x7787662D+237]
	RtlGetAppContainerNamedObjectPath [0x778765FD+189]

	at sun.reflect.NativeConstructorAccessorImpl.newInstance0(Native Method)
	at sun.reflect.NativeConstructorAccessorImpl.newInstance(NativeConstructorAccessorImpl.java:88)
	at sun.reflect.DelegatingConstructorAccessorImpl.newInstance(DelegatingConstructorAccessorImpl.java:57)
	at java.lang.reflect.Constructor.newInstance(Constructor.java:437)
	at org.openqa.selenium.remote.W3CHandshakeResponse.lambda$errorHandler$0(W3CHandshakeResponse.java:62)
	at org.openqa.selenium.remote.W3CHandshakeResponse$$Lambda$200.0000000011AFFD10.apply(Unknown Source)
	at org.openqa.selenium.remote.HandshakeResponse.lambda$getResponseFunction$0(HandshakeResponse.java:30)
	at org.openqa.selenium.remote.HandshakeResponse$$Lambda$195.0000000011AFED80.apply(Unknown Source)
	at org.openqa.selenium.remote.ProtocolHandshake.lambda$createSession$0(ProtocolHandshake.java:126)
	at org.openqa.selenium.remote.ProtocolHandshake$$Lambda$196.0000000011AFF1F0.apply(Unknown Source)
	at java.util.stream.ReferencePipeline$3$1.accept(ReferencePipeline.java:204)
	at java.util.Spliterators$ArraySpliterator.tryAdvance(Spliterators.java:969)
	at java.util.stream.ReferencePipeline.forEachWithCancel(ReferencePipeline.java:137)
	at java.util.stream.AbstractPipeline.copyIntoWithCancel(AbstractPipeline.java:540)
	at java.util.stream.AbstractPipeline.copyInto(AbstractPipeline.java:527)
	at java.util.stream.AbstractPipeline.wrapAndCopyInto(AbstractPipeline.java:513)
	at java.util.stream.FindOps$FindOp.evaluateSequential(FindOps.java:163)
	at java.util.stream.AbstractPipeline.evaluate(AbstractPipeline.java:245)
	at java.util.stream.ReferencePipeline.findFirst(ReferencePipeline.java:475)
	at org.openqa.selenium.remote.ProtocolHandshake.createSession(ProtocolHandshake.java:128)
	at org.openqa.selenium.remote.ProtocolHandshake.createSession(ProtocolHandshake.java:74)
	at org.openqa.selenium.remote.HttpCommandExecutor.execute(HttpCommandExecutor.java:136)
	at org.openqa.selenium.remote.service.DriverCommandExecutor.execute(DriverCommandExecutor.java:83)
	at org.openqa.selenium.remote.RemoteWebDriver.execute(RemoteWebDriver.java:552)
	at org.openqa.selenium.remote.RemoteWebDriver.startSession(RemoteWebDriver.java:213)
	at org.openqa.selenium.remote.RemoteWebDriver.<init>(RemoteWebDriver.java:131)
	at org.openqa.selenium.chrome.ChromeDriver.<init>(ChromeDriver.java:181)
	at org.openqa.selenium.chrome.ChromeDriver.<init>(ChromeDriver.java:168)
	at org.openqa.selenium.chrome.ChromeDriver.<init>(ChromeDriver.java:123)
	at Testngproject.Chromewindows.open(Chromewindows.java:24)
	at sun.reflect.NativeMethodAccessorImpl.invoke0(Native Method)
	at sun.reflect.NativeMethodAccessorImpl.invoke(NativeMethodAccessorImpl.java:95)
	at sun.reflect.DelegatingMethodAccessorImpl.invoke(DelegatingMethodAccessorImpl.java:55)
	at java.lang.reflect.Method.invoke(Method.java:508)
	at org.testng.internal.MethodInvocationHelper.invokeMethod(MethodInvocationHelper.java:86)
	at org.testng.internal.Invoker.invokeConfigurationMethod(Invoker.java:514)
	at org.testng.internal.Invoker.invokeConfigurations(Invoker.java:215)
	at org.testng.internal.Invoker.invokeConfigurations(Invoker.java:142)
	at org.testng.TestRunner.beforeRun(TestRunner.java:656)
	at org.testng.TestRunner.run(TestRunner.java:624)
	at org.testng.SuiteRunner.runTest(SuiteRunner.java:366)
	at org.testng.SuiteRunner.runSequentially(SuiteRunner.java:361)
	at org.testng.SuiteRunner.privateRun(SuiteRunner.java:319)
	at org.testng.SuiteRunner.run(SuiteRunner.java:268)
	at org.testng.SuiteRunnerWorker.runSuite(SuiteRunnerWorker.java:52)
	at org.testng.SuiteRunnerWorker.run(SuiteRunnerWorker.java:86)
	at org.testng.TestNG.runSuitesSequentially(TestNG.java:1244)
	at org.testng.TestNG.runSuitesLocally(TestNG.java:1169)
	at org.testng.TestNG.run(TestNG.java:1064)
	at org.testng.remote.RemoteTestNG.run(RemoteTestNG.java:113)
	at org.testng.remote.RemoteTestNG.initAndRun(RemoteTestNG.java:206)
	at org.testng.remote.RemoteTestNG.main(RemoteTestNG.java:177)
]]>
    </error>
  </testcase> <!-- uppic -->
  <testcase name="sedown" time="0.004" classname="Testngproject.Chromewindows">
    <error type="org.openqa.selenium.SessionNotCreatedException" message="session not created: This version of ChromeDriver only supports Chrome version 75
Build info: version: &#039;3.141.59&#039;, revision: &#039;e82be7d358&#039;, time: &#039;2018-11-14T08:25:53&#039;
System info: host: &#039;HOME&#039;, ip: &#039;192.168.1.138&#039;, os.name: &#039;Windows 10&#039;, os.arch: &#039;amd64&#039;, os.version: &#039;10.0&#039;, java.version: &#039;1.8.0&#039;
Driver info: driver.version: ChromeDriver
remote stacktrace: Backtrace:
	Ordinal0 [0x00B67DF3+1474035]
	Ordinal0 [0x00AE07D1+919505]
	Ordinal0 [0x00A7CB43+510787]
	Ordinal0 [0x00A11B0F+72463]
	Ordinal0 [0x00A0E3F3+58355]
	Ordinal0 [0x00A30CE4+199908]
	Ordinal0 [0x00A3069D+198301]
	Ordinal0 [0x00A2EECB+192203]
	Ordinal0 [0x00A15FF6+90102]
	Ordinal0 [0x00A1765A+95834]
	Ordinal0 [0x00A17554+95572]
	GetHandleVerifier [0x00CC231C+1249612]
	GetHandleVerifier [0x00C11575+525221]
	GetHandleVerifier [0x00C11310+524608]
	Ordinal0 [0x00B75D28+1531176]
	GetHandleVerifier [0x00C11D4A+527226]
	Ordinal0 [0x00AF75F6+1013238]
	Ordinal0 [0x00AF746F+1012847]
	Ordinal0 [0x00B0365B+1062491]
	Ordinal0 [0x00B0379F+1062815]
	Ordinal0 [0x00B02745+1058629]
	BaseThreadInitThunk [0x771D0419+25]
	RtlGetAppContainerNamedObjectPath [0x7787662D+237]
	RtlGetAppContainerNamedObjectPath [0x778765FD+189]
">
      <![CDATA[org.openqa.selenium.SessionNotCreatedException: session not created: This version of ChromeDriver only supports Chrome version 75
Build info: version: '3.141.59', revision: 'e82be7d358', time: '2018-11-14T08:25:53'
System info: host: 'HOME', ip: '192.168.1.138', os.name: 'Windows 10', os.arch: 'amd64', os.version: '10.0', java.version: '1.8.0'
Driver info: driver.version: ChromeDriver
remote stacktrace: Backtrace:
	Ordinal0 [0x00B67DF3+1474035]
	Ordinal0 [0x00AE07D1+919505]
	Ordinal0 [0x00A7CB43+510787]
	Ordinal0 [0x00A11B0F+72463]
	Ordinal0 [0x00A0E3F3+58355]
	Ordinal0 [0x00A30CE4+199908]
	Ordinal0 [0x00A3069D+198301]
	Ordinal0 [0x00A2EECB+192203]
	Ordinal0 [0x00A15FF6+90102]
	Ordinal0 [0x00A1765A+95834]
	Ordinal0 [0x00A17554+95572]
	GetHandleVerifier [0x00CC231C+1249612]
	GetHandleVerifier [0x00C11575+525221]
	GetHandleVerifier [0x00C11310+524608]
	Ordinal0 [0x00B75D28+1531176]
	GetHandleVerifier [0x00C11D4A+527226]
	Ordinal0 [0x00AF75F6+1013238]
	Ordinal0 [0x00AF746F+1012847]
	Ordinal0 [0x00B0365B+1062491]
	Ordinal0 [0x00B0379F+1062815]
	Ordinal0 [0x00B02745+1058629]
	BaseThreadInitThunk [0x771D0419+25]
	RtlGetAppContainerNamedObjectPath [0x7787662D+237]
	RtlGetAppContainerNamedObjectPath [0x778765FD+189]

	at sun.reflect.NativeConstructorAccessorImpl.newInstance0(Native Method)
	at sun.reflect.NativeConstructorAccessorImpl.newInstance(NativeConstructorAccessorImpl.java:88)
	at sun.reflect.DelegatingConstructorAccessorImpl.newInstance(DelegatingConstructorAccessorImpl.java:57)
	at java.lang.reflect.Constructor.newInstance(Constructor.java:437)
	at org.openqa.selenium.remote.W3CHandshakeResponse.lambda$errorHandler$0(W3CHandshakeResponse.java:62)
	at org.openqa.selenium.remote.W3CHandshakeResponse$$Lambda$200.0000000011AFFD10.apply(Unknown Source)
	at org.openqa.selenium.remote.HandshakeResponse.lambda$getResponseFunction$0(HandshakeResponse.java:30)
	at org.openqa.selenium.remote.HandshakeResponse$$Lambda$195.0000000011AFED80.apply(Unknown Source)
	at org.openqa.selenium.remote.ProtocolHandshake.lambda$createSession$0(ProtocolHandshake.java:126)
	at org.openqa.selenium.remote.ProtocolHandshake$$Lambda$196.0000000011AFF1F0.apply(Unknown Source)
	at java.util.stream.ReferencePipeline$3$1.accept(ReferencePipeline.java:204)
	at java.util.Spliterators$ArraySpliterator.tryAdvance(Spliterators.java:969)
	at java.util.stream.ReferencePipeline.forEachWithCancel(ReferencePipeline.java:137)
	at java.util.stream.AbstractPipeline.copyIntoWithCancel(AbstractPipeline.java:540)
	at java.util.stream.AbstractPipeline.copyInto(AbstractPipeline.java:527)
	at java.util.stream.AbstractPipeline.wrapAndCopyInto(AbstractPipeline.java:513)
	at java.util.stream.FindOps$FindOp.evaluateSequential(FindOps.java:163)
	at java.util.stream.AbstractPipeline.evaluate(AbstractPipeline.java:245)
	at java.util.stream.ReferencePipeline.findFirst(ReferencePipeline.java:475)
	at org.openqa.selenium.remote.ProtocolHandshake.createSession(ProtocolHandshake.java:128)
	at org.openqa.selenium.remote.ProtocolHandshake.createSession(ProtocolHandshake.java:74)
	at org.openqa.selenium.remote.HttpCommandExecutor.execute(HttpCommandExecutor.java:136)
	at org.openqa.selenium.remote.service.DriverCommandExecutor.execute(DriverCommandExecutor.java:83)
	at org.openqa.selenium.remote.RemoteWebDriver.execute(RemoteWebDriver.java:552)
	at org.openqa.selenium.remote.RemoteWebDriver.startSession(RemoteWebDriver.java:213)
	at org.openqa.selenium.remote.RemoteWebDriver.<init>(RemoteWebDriver.java:131)
	at org.openqa.selenium.chrome.ChromeDriver.<init>(ChromeDriver.java:181)
	at org.openqa.selenium.chrome.ChromeDriver.<init>(ChromeDriver.java:168)
	at org.openqa.selenium.chrome.ChromeDriver.<init>(ChromeDriver.java:123)
	at Testngproject.Chromewindows.open(Chromewindows.java:24)
	at sun.reflect.NativeMethodAccessorImpl.invoke0(Native Method)
	at sun.reflect.NativeMethodAccessorImpl.invoke(NativeMethodAccessorImpl.java:95)
	at sun.reflect.DelegatingMethodAccessorImpl.invoke(DelegatingMethodAccessorImpl.java:55)
	at java.lang.reflect.Method.invoke(Method.java:508)
	at org.testng.internal.MethodInvocationHelper.invokeMethod(MethodInvocationHelper.java:86)
	at org.testng.internal.Invoker.invokeConfigurationMethod(Invoker.java:514)
	at org.testng.internal.Invoker.invokeConfigurations(Invoker.java:215)
	at org.testng.internal.Invoker.invokeConfigurations(Invoker.java:142)
	at org.testng.TestRunner.beforeRun(TestRunner.java:656)
	at org.testng.TestRunner.run(TestRunner.java:624)
	at org.testng.SuiteRunner.runTest(SuiteRunner.java:366)
	at org.testng.SuiteRunner.runSequentially(SuiteRunner.java:361)
	at org.testng.SuiteRunner.privateRun(SuiteRunner.java:319)
	at org.testng.SuiteRunner.run(SuiteRunner.java:268)
	at org.testng.SuiteRunnerWorker.runSuite(SuiteRunnerWorker.java:52)
	at org.testng.SuiteRunnerWorker.run(SuiteRunnerWorker.java:86)
	at org.testng.TestNG.runSuitesSequentially(TestNG.java:1244)
	at org.testng.TestNG.runSuitesLocally(TestNG.java:1169)
	at org.testng.TestNG.run(TestNG.java:1064)
	at org.testng.remote.RemoteTestNG.run(RemoteTestNG.java:113)
	at org.testng.remote.RemoteTestNG.initAndRun(RemoteTestNG.java:206)
	at org.testng.remote.RemoteTestNG.main(RemoteTestNG.java:177)
]]>
    </error>
  </testcase> <!-- sedown -->
  <testcase name="picdown" time="0.003" classname="Testngproject.Chromewindows">
    <error type="org.openqa.selenium.SessionNotCreatedException" message="session not created: This version of ChromeDriver only supports Chrome version 75
Build info: version: &#039;3.141.59&#039;, revision: &#039;e82be7d358&#039;, time: &#039;2018-11-14T08:25:53&#039;
System info: host: &#039;HOME&#039;, ip: &#039;192.168.1.138&#039;, os.name: &#039;Windows 10&#039;, os.arch: &#039;amd64&#039;, os.version: &#039;10.0&#039;, java.version: &#039;1.8.0&#039;
Driver info: driver.version: ChromeDriver
remote stacktrace: Backtrace:
	Ordinal0 [0x00B67DF3+1474035]
	Ordinal0 [0x00AE07D1+919505]
	Ordinal0 [0x00A7CB43+510787]
	Ordinal0 [0x00A11B0F+72463]
	Ordinal0 [0x00A0E3F3+58355]
	Ordinal0 [0x00A30CE4+199908]
	Ordinal0 [0x00A3069D+198301]
	Ordinal0 [0x00A2EECB+192203]
	Ordinal0 [0x00A15FF6+90102]
	Ordinal0 [0x00A1765A+95834]
	Ordinal0 [0x00A17554+95572]
	GetHandleVerifier [0x00CC231C+1249612]
	GetHandleVerifier [0x00C11575+525221]
	GetHandleVerifier [0x00C11310+524608]
	Ordinal0 [0x00B75D28+1531176]
	GetHandleVerifier [0x00C11D4A+527226]
	Ordinal0 [0x00AF75F6+1013238]
	Ordinal0 [0x00AF746F+1012847]
	Ordinal0 [0x00B0365B+1062491]
	Ordinal0 [0x00B0379F+1062815]
	Ordinal0 [0x00B02745+1058629]
	BaseThreadInitThunk [0x771D0419+25]
	RtlGetAppContainerNamedObjectPath [0x7787662D+237]
	RtlGetAppContainerNamedObjectPath [0x778765FD+189]
">
      <![CDATA[org.openqa.selenium.SessionNotCreatedException: session not created: This version of ChromeDriver only supports Chrome version 75
Build info: version: '3.141.59', revision: 'e82be7d358', time: '2018-11-14T08:25:53'
System info: host: 'HOME', ip: '192.168.1.138', os.name: 'Windows 10', os.arch: 'amd64', os.version: '10.0', java.version: '1.8.0'
Driver info: driver.version: ChromeDriver
remote stacktrace: Backtrace:
	Ordinal0 [0x00B67DF3+1474035]
	Ordinal0 [0x00AE07D1+919505]
	Ordinal0 [0x00A7CB43+510787]
	Ordinal0 [0x00A11B0F+72463]
	Ordinal0 [0x00A0E3F3+58355]
	Ordinal0 [0x00A30CE4+199908]
	Ordinal0 [0x00A3069D+198301]
	Ordinal0 [0x00A2EECB+192203]
	Ordinal0 [0x00A15FF6+90102]
	Ordinal0 [0x00A1765A+95834]
	Ordinal0 [0x00A17554+95572]
	GetHandleVerifier [0x00CC231C+1249612]
	GetHandleVerifier [0x00C11575+525221]
	GetHandleVerifier [0x00C11310+524608]
	Ordinal0 [0x00B75D28+1531176]
	GetHandleVerifier [0x00C11D4A+527226]
	Ordinal0 [0x00AF75F6+1013238]
	Ordinal0 [0x00AF746F+1012847]
	Ordinal0 [0x00B0365B+1062491]
	Ordinal0 [0x00B0379F+1062815]
	Ordinal0 [0x00B02745+1058629]
	BaseThreadInitThunk [0x771D0419+25]
	RtlGetAppContainerNamedObjectPath [0x7787662D+237]
	RtlGetAppContainerNamedObjectPath [0x778765FD+189]

	at sun.reflect.NativeConstructorAccessorImpl.newInstance0(Native Method)
	at sun.reflect.NativeConstructorAccessorImpl.newInstance(NativeConstructorAccessorImpl.java:88)
	at sun.reflect.DelegatingConstructorAccessorImpl.newInstance(DelegatingConstructorAccessorImpl.java:57)
	at java.lang.reflect.Constructor.newInstance(Constructor.java:437)
	at org.openqa.selenium.remote.W3CHandshakeResponse.lambda$errorHandler$0(W3CHandshakeResponse.java:62)
	at org.openqa.selenium.remote.W3CHandshakeResponse$$Lambda$200.0000000011AFFD10.apply(Unknown Source)
	at org.openqa.selenium.remote.HandshakeResponse.lambda$getResponseFunction$0(HandshakeResponse.java:30)
	at org.openqa.selenium.remote.HandshakeResponse$$Lambda$195.0000000011AFED80.apply(Unknown Source)
	at org.openqa.selenium.remote.ProtocolHandshake.lambda$createSession$0(ProtocolHandshake.java:126)
	at org.openqa.selenium.remote.ProtocolHandshake$$Lambda$196.0000000011AFF1F0.apply(Unknown Source)
	at java.util.stream.ReferencePipeline$3$1.accept(ReferencePipeline.java:204)
	at java.util.Spliterators$ArraySpliterator.tryAdvance(Spliterators.java:969)
	at java.util.stream.ReferencePipeline.forEachWithCancel(ReferencePipeline.java:137)
	at java.util.stream.AbstractPipeline.copyIntoWithCancel(AbstractPipeline.java:540)
	at java.util.stream.AbstractPipeline.copyInto(AbstractPipeline.java:527)
	at java.util.stream.AbstractPipeline.wrapAndCopyInto(AbstractPipeline.java:513)
	at java.util.stream.FindOps$FindOp.evaluateSequential(FindOps.java:163)
	at java.util.stream.AbstractPipeline.evaluate(AbstractPipeline.java:245)
	at java.util.stream.ReferencePipeline.findFirst(ReferencePipeline.java:475)
	at org.openqa.selenium.remote.ProtocolHandshake.createSession(ProtocolHandshake.java:128)
	at org.openqa.selenium.remote.ProtocolHandshake.createSession(ProtocolHandshake.java:74)
	at org.openqa.selenium.remote.HttpCommandExecutor.execute(HttpCommandExecutor.java:136)
	at org.openqa.selenium.remote.service.DriverCommandExecutor.execute(DriverCommandExecutor.java:83)
	at org.openqa.selenium.remote.RemoteWebDriver.execute(RemoteWebDriver.java:552)
	at org.openqa.selenium.remote.RemoteWebDriver.startSession(RemoteWebDriver.java:213)
	at org.openqa.selenium.remote.RemoteWebDriver.<init>(RemoteWebDriver.java:131)
	at org.openqa.selenium.chrome.ChromeDriver.<init>(ChromeDriver.java:181)
	at org.openqa.selenium.chrome.ChromeDriver.<init>(ChromeDriver.java:168)
	at org.openqa.selenium.chrome.ChromeDriver.<init>(ChromeDriver.java:123)
	at Testngproject.Chromewindows.open(Chromewindows.java:24)
	at sun.reflect.NativeMethodAccessorImpl.invoke0(Native Method)
	at sun.reflect.NativeMethodAccessorImpl.invoke(NativeMethodAccessorImpl.java:95)
	at sun.reflect.DelegatingMethodAccessorImpl.invoke(DelegatingMethodAccessorImpl.java:55)
	at java.lang.reflect.Method.invoke(Method.java:508)
	at org.testng.internal.MethodInvocationHelper.invokeMethod(MethodInvocationHelper.java:86)
	at org.testng.internal.Invoker.invokeConfigurationMethod(Invoker.java:514)
	at org.testng.internal.Invoker.invokeConfigurations(Invoker.java:215)
	at org.testng.internal.Invoker.invokeConfigurations(Invoker.java:142)
	at org.testng.TestRunner.beforeRun(TestRunner.java:656)
	at org.testng.TestRunner.run(TestRunner.java:624)
	at org.testng.SuiteRunner.runTest(SuiteRunner.java:366)
	at org.testng.SuiteRunner.runSequentially(SuiteRunner.java:361)
	at org.testng.SuiteRunner.privateRun(SuiteRunner.java:319)
	at org.testng.SuiteRunner.run(SuiteRunner.java:268)
	at org.testng.SuiteRunnerWorker.runSuite(SuiteRunnerWorker.java:52)
	at org.testng.SuiteRunnerWorker.run(SuiteRunnerWorker.java:86)
	at org.testng.TestNG.runSuitesSequentially(TestNG.java:1244)
	at org.testng.TestNG.runSuitesLocally(TestNG.java:1169)
	at org.testng.TestNG.run(TestNG.java:1064)
	at org.testng.remote.RemoteTestNG.run(RemoteTestNG.java:113)
	at org.testng.remote.RemoteTestNG.initAndRun(RemoteTestNG.java:206)
	at org.testng.remote.RemoteTestNG.main(RemoteTestNG.java:177)
]]>
    </error>
  </testcase> <!-- picdown -->
</testsuite> <!-- Testngproject.Chromewindows -->
